error: 
    status - 500 
    message - ValidationError: "name" is required 
    url - /api/v1/users 
    method - POST 
    IP - ::1
   {"timestamp":"2022-08-03T07:23:15.255Z"}
error: 
    status - 500 
    message - ValidationError: "FirstName" is required 
    url - /api/v1/users 
    method - POST 
    IP - ::1
   {"timestamp":"2022-08-03T07:46:50.538Z"}
error: 
    status - 500 
    message - ValidationError: "FirstName" length must be at least 4 characters long 
    url - /api/v1/users/ 
    method - POST 
    IP - ::1
   {"timestamp":"2022-08-04T03:07:08.497Z"}
