info: ::1 - - [07/Aug/2022:19:09:45 +0000] "GET /api/v1/users HTTP/1.1" 200 1160 "-" "PostmanRuntime/7.29.2"

info: ::1 - - [07/Aug/2022:19:11:22 +0000] "GET /api/v1/login HTTP/1.1" 404 47 "-" "PostmanRuntime/7.29.2"

info: ::1 - - [07/Aug/2022:19:11:29 +0000] "POST /api/v1/login HTTP/1.1" 404 47 "-" "PostmanRuntime/7.29.2"

info: ::1 - - [07/Aug/2022:19:12:53 +0000] "POST /api/v1/users/login HTTP/1.1" - - "-" "PostmanRuntime/7.29.2"

info: ::1 - - [07/Aug/2022:19:13:05 +0000] "GET /api/v1/users HTTP/1.1" 200 1160 "-" "PostmanRuntime/7.29.2"

info: ::1 - - [07/Aug/2022:19:14:13 +0000] "POST /api/v1/users HTTP/1.1" 500 89 "-" "PostmanRuntime/7.29.2"

info: ::1 - - [07/Aug/2022:19:14:21 +0000] "POST /api/v1/users HTTP/1.1" 201 318 "-" "PostmanRuntime/7.29.2"

info: ::1 - - [07/Aug/2022:19:15:21 +0000] "POST /api/v1/users/login HTTP/1.1" - - "-" "PostmanRuntime/7.29.2"

info: ::1 - - [07/Aug/2022:19:16:59 +0000] "POST /api/v1/users/login HTTP/1.1" - - "-" "PostmanRuntime/7.29.2"

info: ::1 - - [08/Aug/2022:02:57:27 +0000] "GET /api/v1/users HTTP/1.1" 200 1421 "-" "PostmanRuntime/7.29.2"

info: ::1 - - [08/Aug/2022:02:59:37 +0000] "POST /api/v1/users/login HTTP/1.1" - - "-" "PostmanRuntime/7.29.2"

info: ::1 - - [08/Aug/2022:03:00:34 +0000] "POST /api/v1/users/login HTTP/1.1" - - "-" "PostmanRuntime/7.29.2"

info: ::1 - - [08/Aug/2022:03:02:35 +0000] "POST /api/v1/users/login HTTP/1.1" 400 87 "-" "PostmanRuntime/7.29.2"

info: ::1 - - [08/Aug/2022:03:03:19 +0000] "POST /api/v1/users/login HTTP/1.1" 202 251 "-" "PostmanRuntime/7.29.2"

info: ::1 - - [08/Aug/2022:03:03:51 +0000] "GET /api/v1/notes HTTP/1.1" 202 65 "-" "PostmanRuntime/7.29.2"

info: ::1 - - [08/Aug/2022:03:05:22 +0000] "POST /api/v1/notes HTTP/1.1" 201 274 "-" "PostmanRuntime/7.29.2"

info: ::1 - - [08/Aug/2022:03:07:00 +0000] "POST /api/v1/notes HTTP/1.1" 201 274 "-" "PostmanRuntime/7.29.2"

info: ::1 - - [08/Aug/2022:03:09:30 +0000] "POST /api/v1/notes HTTP/1.1" 400 69 "-" "PostmanRuntime/7.29.2"

info: ::1 - - [08/Aug/2022:03:09:42 +0000] "POST /api/v1/notes HTTP/1.1" 201 276 "-" "PostmanRuntime/7.29.2"

info: ::1 - - [08/Aug/2022:03:11:24 +0000] "POST /api/v1/notes HTTP/1.1" - - "-" "PostmanRuntime/7.29.2"

info: ::1 - - [08/Aug/2022:03:14:18 +0000] "POST /api/v1/notes HTTP/1.1" - - "-" "PostmanRuntime/7.29.2"

info: ::1 - - [08/Aug/2022:03:16:40 +0000] "POST /api/v1/notes HTTP/1.1" - - "-" "PostmanRuntime/7.29.2"

info: ::1 - - [08/Aug/2022:03:18:57 +0000] "GET /api/users/login HTTP/1.1" 404 47 "-" "PostmanRuntime/7.29.2"

info: ::1 - - [08/Aug/2022:03:19:04 +0000] "POST /api/users/login HTTP/1.1" 404 47 "-" "PostmanRuntime/7.29.2"

info: ::1 - - [08/Aug/2022:03:19:54 +0000] "POST /api/v1/users/login HTTP/1.1" 202 251 "-" "PostmanRuntime/7.29.2"

info: ::1 - - [08/Aug/2022:03:27:51 +0000] "GET /api/v1/notes HTTP/1.1" 202 714 "-" "PostmanRuntime/7.29.2"

info: ::1 - - [08/Aug/2022:03:28:14 +0000] "POST /api/v1/notes HTTP/1.1" 201 303 "-" "PostmanRuntime/7.29.2"

info: ::1 - - [08/Aug/2022:03:30:53 +0000] "GET /api/v1/notes HTTP/1.1" 400 90 "-" "PostmanRuntime/7.29.2"

info: ::1 - - [08/Aug/2022:03:33:37 +0000] "GET /api/v1/notes HTTP/1.1" 400 90 "-" "PostmanRuntime/7.29.2"

info: ::1 - - [08/Aug/2022:03:34:56 +0000] "GET /api/v1/notes HTTP/1.1" 202 309 "-" "PostmanRuntime/7.29.2"

info: ::1 - - [08/Aug/2022:03:45:04 +0000] "GET /api/v1/notes HTTP/1.1" 500 52 "-" "PostmanRuntime/7.29.2"

info: ::1 - - [08/Aug/2022:03:47:15 +0000] "GET /api/v1/notes HTTP/1.1" 500 52 "-" "PostmanRuntime/7.29.2"

info: ::1 - - [08/Aug/2022:03:48:54 +0000] "GET /api/v1/notes HTTP/1.1" 400 57 "-" "PostmanRuntime/7.29.2"

info: ::1 - - [08/Aug/2022:07:14:03 +0000] "GET /api/v1/users HTTP/1.1" 200 1421 "-" "PostmanRuntime/7.29.2"

info: ::1 - - [08/Aug/2022:07:16:34 +0000] "POST /api/v1/users HTTP/1.1" 201 318 "-" "PostmanRuntime/7.29.2"

info: ::1 - - [08/Aug/2022:07:16:53 +0000] "POST /api/v1/users HTTP/1.1" 201 318 "-" "PostmanRuntime/7.29.2"

info: ::1 - - [08/Aug/2022:07:17:14 +0000] "POST /api/v1/users HTTP/1.1" 201 318 "-" "PostmanRuntime/7.29.2"

info: ::1 - - [08/Aug/2022:07:17:40 +0000] "POST /api/v1/users HTTP/1.1" 201 315 "-" "PostmanRuntime/7.29.2"

info: ::1 - - [08/Aug/2022:07:20:22 +0000] "GET /api/v1/users HTTP/1.1" 200 1366 "-" "PostmanRuntime/7.29.2"

info: ::1 - - [08/Aug/2022:07:24:37 +0000] "POST /api/v1/users/login HTTP/1.1" 202 249 "-" "PostmanRuntime/7.29.2"

info: ::1 - - [08/Aug/2022:07:25:43 +0000] "GET /api/v1/notes HTTP/1.1" 202 65 "-" "PostmanRuntime/7.29.2"

info: ::1 - - [08/Aug/2022:07:27:35 +0000] "POST /api/v1/notes HTTP/1.1" 201 321 "-" "PostmanRuntime/7.29.2"

info: ::1 - - [08/Aug/2022:07:29:38 +0000] "POST /api/v1/notes HTTP/1.1" 201 313 "-" "PostmanRuntime/7.29.2"

info: ::1 - - [08/Aug/2022:07:30:57 +0000] "POST /api/v1/notes HTTP/1.1" 201 303 "-" "PostmanRuntime/7.29.2"

info: ::1 - - [08/Aug/2022:07:31:09 +0000] "GET /api/v1/notes HTTP/1.1" 202 827 "-" "PostmanRuntime/7.29.2"

info: ::1 - - [08/Aug/2022:07:41:49 +0000] "POST /api/v1/notes HTTP/1.1" 201 328 "-" "PostmanRuntime/7.29.2"

info: ::1 - - [08/Aug/2022:07:42:13 +0000] "POST /api/v1/users/login HTTP/1.1" 202 251 "-" "PostmanRuntime/7.29.2"

info: ::1 - - [08/Aug/2022:07:42:42 +0000] "GET /api/v1/notes HTTP/1.1" 202 65 "-" "PostmanRuntime/7.29.2"

info: ::1 - - [08/Aug/2022:07:44:22 +0000] "POST /api/v1/notes HTTP/1.1" 400 69 "-" "PostmanRuntime/7.29.2"

info: ::1 - - [08/Aug/2022:07:45:38 +0000] "POST /api/v1/notes HTTP/1.1" 201 332 "-" "PostmanRuntime/7.29.2"

info: ::1 - - [08/Aug/2022:07:49:18 +0000] "POST /api/v1/notes HTTP/1.1" 201 322 "-" "PostmanRuntime/7.29.2"

info: ::1 - - [08/Aug/2022:07:49:25 +0000] "GET /api/v1/notes HTTP/1.1" 202 602 "-" "PostmanRuntime/7.29.2"

info: ::1 - - [08/Aug/2022:07:53:09 +0000] "POST /api/v1/notes HTTP/1.1" 201 302 "-" "PostmanRuntime/7.29.2"

info: ::1 - - [08/Aug/2022:08:16:03 +0000] "PUT /api/v1/notes/62f0c0e514ce82c2ddf26c96 HTTP/1.1" 202 308 "-" "PostmanRuntime/7.29.2"

