info: ::1 - - [19/Aug/2022:01:39:22 +0000] "GET /api/v1/notes/62f60233699ad8a959b9e21b HTTP/1.1" 200 333 "-" "PostmanRuntime/7.29.2"

info: ::1 - - [19/Aug/2022:01:40:03 +0000] "PUT /api/v1/notes/62f60233699ad8a959b9e21b HTTP/1.1" 202 328 "-" "PostmanRuntime/7.29.2"

info: ::1 - - [19/Aug/2022:01:47:14 +0000] "PUT /api/v1/notes/62f60233699ad8a959b9e21b HTTP/1.1" 400 57 "-" "PostmanRuntime/7.29.2"

info: ::1 - - [19/Aug/2022:01:47:34 +0000] "PUT /api/v1/notes/62f60233699ad8a959b9e21b HTTP/1.1" 400 57 "-" "PostmanRuntime/7.29.2"

info: ::1 - - [19/Aug/2022:01:47:41 +0000] "GET /api/v1/notes/62f60233699ad8a959b9e21b HTTP/1.1" 200 333 "-" "PostmanRuntime/7.29.2"

info: ::1 - - [19/Aug/2022:01:49:13 +0000] "PUT /api/v1/notes/62f60233699ad8a959b9e21b HTTP/1.1" 400 57 "-" "PostmanRuntime/7.29.2"

info: ::1 - - [19/Aug/2022:01:52:28 +0000] "GET /api/v1/notes/62f60233699ad8a959b9e21b HTTP/1.1" 200 320 "-" "PostmanRuntime/7.29.2"

info: ::1 - - [19/Aug/2022:01:53:17 +0000] "PUT /api/v1/notes/62f60233699ad8a959b9e21b HTTP/1.1" 400 57 "-" "PostmanRuntime/7.29.2"

info: ::1 - - [19/Aug/2022:01:53:29 +0000] "GET /api/v1/notes/62f60233699ad8a959b9e21b HTTP/1.1" 200 313 "-" "PostmanRuntime/7.29.2"

info: ::1 - - [19/Aug/2022:01:55:31 +0000] "GET /api/v1/notes/62f60233699ad8a959b9e21b HTTP/1.1" 200 329 "-" "PostmanRuntime/7.29.2"

info: ::1 - - [19/Aug/2022:01:59:30 +0000] "PUT /api/v1/notes/62f60233699ad8a959b9e21b HTTP/1.1" 200 329 "-" "PostmanRuntime/7.29.2"

info: ::1 - - [19/Aug/2022:01:59:47 +0000] "PUT /api/v1/notes/62f60233699ad8a959b9e21b HTTP/1.1" 200 329 "-" "PostmanRuntime/7.29.2"

info: ::1 - - [19/Aug/2022:01:59:55 +0000] "GET /api/v1/notes/62f60233699ad8a959b9e21b HTTP/1.1" 200 329 "-" "PostmanRuntime/7.29.2"

info: ::1 - - [19/Aug/2022:02:00:17 +0000] "PUT /api/v1/notes/62f60233699ad8a959b9e21b HTTP/1.1" 200 329 "-" "PostmanRuntime/7.29.2"

info: ::1 - - [19/Aug/2022:02:00:55 +0000] "PUT /api/v1/notes/62f60233699ad8a959b9e21b HTTP/1.1" 200 329 "-" "PostmanRuntime/7.29.2"

info: ::1 - - [19/Aug/2022:02:01:01 +0000] "PUT /api/v1/notes/62f60233699ad8a959b9e21b HTTP/1.1" 200 329 "-" "PostmanRuntime/7.29.2"

info: ::1 - - [19/Aug/2022:02:01:07 +0000] "GET /api/v1/notes/62f60233699ad8a959b9e21b HTTP/1.1" 200 329 "-" "PostmanRuntime/7.29.2"

info: ::1 - - [19/Aug/2022:02:02:20 +0000] "POST /api/v1/notes/62f60233699ad8a959b9e21b HTTP/1.1" 404 47 "-" "PostmanRuntime/7.29.2"

info: ::1 - - [19/Aug/2022:02:03:52 +0000] "POST /api/v1/notes/62f60233699ad8a959b9e21b HTTP/1.1" 404 47 "-" "PostmanRuntime/7.29.2"

info: ::1 - - [19/Aug/2022:02:04:36 +0000] "GET /api/v1/users/login HTTP/1.1" 404 47 "-" "PostmanRuntime/7.29.2"

info: ::1 - - [19/Aug/2022:02:05:30 +0000] "POST /api/v1/users/login HTTP/1.1" 202 251 "-" "PostmanRuntime/7.29.2"

info: ::1 - - [19/Aug/2022:02:06:05 +0000] "GET /api/v1/notes HTTP/1.1" 200 329 "-" "PostmanRuntime/7.29.2"

info: ::1 - - [19/Aug/2022:02:06:41 +0000] "PUT /api/v1/notes HTTP/1.1" 404 47 "-" "PostmanRuntime/7.29.2"

info: ::1 - - [19/Aug/2022:02:07:03 +0000] "GET /api/v1/notes HTTP/1.1" 200 329 "-" "PostmanRuntime/7.29.2"

info: ::1 - - [19/Aug/2022:02:07:19 +0000] "PUT /api/v1/notes/62f60233699ad8a959b9e21b HTTP/1.1" 200 329 "-" "PostmanRuntime/7.29.2"

info: ::1 - - [19/Aug/2022:02:07:26 +0000] "PUT /api/v1/notes/62f60233699ad8a959b9e21b HTTP/1.1" 200 329 "-" "PostmanRuntime/7.29.2"

info: ::1 - - [19/Aug/2022:02:07:33 +0000] "GET /api/v1/notes/62f60233699ad8a959b9e21b HTTP/1.1" 200 329 "-" "PostmanRuntime/7.29.2"

info: ::1 - - [19/Aug/2022:02:08:03 +0000] "PUT /api/v1/notes/62f60233699ad8a959b9e21b HTTP/1.1" 200 329 "-" "PostmanRuntime/7.29.2"

info: ::1 - - [19/Aug/2022:02:09:55 +0000] "PUT /api/v1/notes/62f60233699ad8a959b9e21b HTTP/1.1" 200 329 "-" "PostmanRuntime/7.29.2"

info: ::1 - - [19/Aug/2022:02:12:39 +0000] "POST /api/v1/notes/add HTTP/1.1" 200 329 "-" "PostmanRuntime/7.29.2"

info: ::1 - - [19/Aug/2022:02:14:00 +0000] "POST /api/v1/notes/add HTTP/1.1" 200 329 "-" "PostmanRuntime/7.29.2"

info: ::1 - - [19/Aug/2022:02:14:27 +0000] "POST /api/v1/users/login HTTP/1.1" 202 251 "-" "PostmanRuntime/7.29.2"

info: ::1 - - [19/Aug/2022:02:15:05 +0000] "GET /api/v1/notes/add HTTP/1.1" 200 329 "-" "PostmanRuntime/7.29.2"

info: ::1 - - [19/Aug/2022:02:15:12 +0000] "POST /api/v1/notes/add HTTP/1.1" 200 329 "-" "PostmanRuntime/7.29.2"

info: ::1 - - [19/Aug/2022:02:29:53 +0000] "POST /api/v1/notes/add HTTP/1.1" 200 329 "-" "PostmanRuntime/7.29.2"

info: ::1 - - [19/Aug/2022:02:30:18 +0000] "POST /api/v1/notes/add HTTP/1.1" 200 329 "-" "PostmanRuntime/7.29.2"

info: ::1 - - [19/Aug/2022:02:33:01 +0000] "POST /api/v1/notes/add HTTP/1.1" 200 329 "-" "PostmanRuntime/7.29.2"

info: ::1 - - [19/Aug/2022:02:33:26 +0000] "GET /api/v1/notes HTTP/1.1" 200 329 "-" "PostmanRuntime/7.29.2"

info: ::1 - - [19/Aug/2022:02:34:01 +0000] "GET /api/v1/notes HTTP/1.1" 200 329 "-" "PostmanRuntime/7.29.2"

info: ::1 - - [19/Aug/2022:02:36:54 +0000] "POST /api/v1/notes/add HTTP/1.1" 200 329 "-" "PostmanRuntime/7.29.2"

info: ::1 - - [19/Aug/2022:02:37:52 +0000] "POST /api/v1/notes/add HTTP/1.1" 201 306 "-" "PostmanRuntime/7.29.2"

info: ::1 - - [19/Aug/2022:02:38:04 +0000] "GET /api/v1/notes HTTP/1.1" 202 568 "-" "PostmanRuntime/7.29.2"

info: ::1 - - [19/Aug/2022:02:38:14 +0000] "GET /api/v1/notes HTTP/1.1" 200 579 "-" "PostmanRuntime/7.29.2"

info: ::1 - - [19/Aug/2022:02:39:37 +0000] "PUT /api/v1/notes/62fef78096c1d91fba875238 HTTP/1.1" 202 314 "-" "PostmanRuntime/7.29.2"

info: ::1 - - [19/Aug/2022:02:39:47 +0000] "GET /api/v1/notes HTTP/1.1" 202 569 "-" "PostmanRuntime/7.29.2"

info: ::1 - - [19/Aug/2022:02:39:54 +0000] "GET /api/v1/notes HTTP/1.1" 200 580 "-" "PostmanRuntime/7.29.2"

info: ::1 - - [19/Aug/2022:05:25:38 +0000] "GET /api/v1/notes/62fef78096c1d91fba875238 HTTP/1.1" 200 306 "-" "PostmanRuntime/7.29.2"

info: ::1 - - [19/Aug/2022:05:25:54 +0000] "GET /api/v1/notes/62fef78096c1d91fba875238 HTTP/1.1" 200 317 "-" "PostmanRuntime/7.29.2"

info: ::1 - - [19/Aug/2022:05:26:18 +0000] "GET /api/v1/notes HTTP/1.1" 200 580 "-" "PostmanRuntime/7.29.2"

info: ::1 - - [19/Aug/2022:09:58:00 +0000] "GET /api/v1/users HTTP/1.1" 200 1845 "-" "PostmanRuntime/7.29.2"

info: ::1 - - [19/Aug/2022:09:59:31 +0000] "GET /api/v1/users/register HTTP/1.1" 404 47 "-" "PostmanRuntime/7.29.2"

info: ::1 - - [19/Aug/2022:09:59:42 +0000] "POST /api/v1/users/register HTTP/1.1" 201 329 "-" "PostmanRuntime/7.29.2"

info: ::1 - - [19/Aug/2022:10:03:06 +0000] "DELETE /api/v1/users/62ff5f0eade8a4622af29a36 HTTP/1.1" 404 47 "-" "PostmanRuntime/7.29.2"

info: ::1 - - [19/Aug/2022:10:04:59 +0000] "POST /api/v1/users/register HTTP/1.1" 500 90 "-" "PostmanRuntime/7.29.2"

info: ::1 - - [19/Aug/2022:10:05:11 +0000] "POST /api/v1/users/register HTTP/1.1" 201 320 "-" "PostmanRuntime/7.29.2"

