info: ::1 - - [05/Aug/2022:07:14:33 +0000] "POST /api/v1/notes HTTP/1.1" 404 47 "-" "PostmanRuntime/7.29.2"

info: ::1 - - [05/Aug/2022:07:18:45 +0000] "POST /api/v1/notes HTTP/1.1" 201 292 "-" "PostmanRuntime/7.29.2"

info: ::1 - - [05/Aug/2022:09:39:43 +0000] "GET /api/v1/notes HTTP/1.1" 202 55 "-" "PostmanRuntime/7.29.2"

info: ::1 - - [05/Aug/2022:09:40:00 +0000] "GET /api/v1/notes HTTP/1.1" 202 55 "-" "Mozilla/5.0 (Windows NT 10.0; Win64; x64) AppleWebKit/537.36 (KHTML, like Gecko) Chrome/103.0.5060.114 Safari/537.36 Edg/103.0.1264.49"

info: ::1 - - [05/Aug/2022:09:40:01 +0000] "GET /favicon.ico HTTP/1.1" 404 47 "-" "Mozilla/5.0 (Windows NT 10.0; Win64; x64) AppleWebKit/537.36 (KHTML, like Gecko) Chrome/103.0.5060.114 Safari/537.36 Edg/103.0.1264.49"

info: ::1 - - [05/Aug/2022:09:41:41 +0000] "GET /api/v1/notes HTTP/1.1" 202 298 "-" "PostmanRuntime/7.29.2"

info: ::1 - - [05/Aug/2022:09:51:02 +0000] "GET /api/v1/notes HTTP/1.1" 202 298 "-" "PostmanRuntime/7.29.2"

info: ::1 - - [05/Aug/2022:09:57:30 +0000] "POST /api/v1/notes HTTP/1.1" 201 291 "-" "PostmanRuntime/7.29.2"

info: ::1 - - [05/Aug/2022:09:57:40 +0000] "GET /api/v1/notes HTTP/1.1" 202 531 "-" "PostmanRuntime/7.29.2"

info: ::1 - - [05/Aug/2022:11:35:36 +0000] "GET /api/v1/notes HTTP/1.1" 202 531 "-" "PostmanRuntime/7.29.2"

info: ::1 - - [05/Aug/2022:11:37:15 +0000] "GET /api/v1/notes/62ece98a4557015e59d4eeea HTTP/1.1" 404 47 "-" "PostmanRuntime/7.29.2"

info: ::1 - - [05/Aug/2022:11:39:16 +0000] "GET /api/v1/notes/62ece98a4557015e59d4eeea HTTP/1.1" 404 47 "-" "PostmanRuntime/7.29.2"

info: ::1 - - [05/Aug/2022:11:40:50 +0000] "GET /api/v1/notes/62ece98a4557015e59d4eeea HTTP/1.1" 404 47 "-" "PostmanRuntime/7.29.2"

info: ::1 - - [05/Aug/2022:11:44:33 +0000] "GET /api/v1/notes/62ece98a4557015e59d4eeea HTTP/1.1" 404 47 "-" "PostmanRuntime/7.29.2"

info: ::1 - - [05/Aug/2022:11:44:49 +0000] "PUT /api/v1/notes/62ece98a4557015e59d4eeea HTTP/1.1" 202 300 "-" "PostmanRuntime/7.29.2"

info: ::1 - - [05/Aug/2022:12:00:10 +0000] "DELETE /api/v1/notes/62ece98a4557015e59d4eeea HTTP/1.1" 400 60 "-" "PostmanRuntime/7.29.2"

info: ::1 - - [05/Aug/2022:12:00:48 +0000] "DELETE /api/v1/notes/62ece98a4557015e59d4eeea HTTP/1.1" 400 60 "-" "PostmanRuntime/7.29.2"

info: ::1 - - [05/Aug/2022:12:02:08 +0000] "DELETE /api/v1/notes/62ece98a4557015e59d4eeea HTTP/1.1" 400 60 "-" "PostmanRuntime/7.29.2"

info: ::1 - - [05/Aug/2022:12:04:16 +0000] "DELETE /api/v1/notes/62ece98a4557015e59d4eeea HTTP/1.1" 200 60 "-" "PostmanRuntime/7.29.2"

info: ::1 - - [05/Aug/2022:12:04:30 +0000] "GET /api/v1/notes HTTP/1.1" 202 298 "-" "PostmanRuntime/7.29.2"

info: ::1 - - [05/Aug/2022:16:49:55 +0000] "POST /api/v1/notes/62ecc45502078bbc0d4d05b6 HTTP/1.1" 404 47 "-" "PostmanRuntime/7.29.2"

info: ::1 - - [05/Aug/2022:16:50:04 +0000] "GET /api/v1/notes/62ecc45502078bbc0d4d05b6 HTTP/1.1" 404 47 "-" "PostmanRuntime/7.29.2"

info: ::1 - - [05/Aug/2022:16:51:17 +0000] "GET /api/v1/notes/62ecc45502078bbc0d4d05b6 HTTP/1.1" 404 47 "-" "PostmanRuntime/7.29.2"

info: ::1 - - [05/Aug/2022:16:52:01 +0000] "GET /api/v1/notes/62ecc45502078bbc0d4d05b6 HTTP/1.1" 404 47 "-" "PostmanRuntime/7.29.2"

info: ::1 - - [05/Aug/2022:16:53:33 +0000] "GET /api/v1/notes/62ecc45502078bbc0d4d05b6 HTTP/1.1" 404 47 "-" "PostmanRuntime/7.29.2"

info: ::1 - - [05/Aug/2022:16:53:48 +0000] "GET /api/v1/notes/62ecc45502078bbc0d4d05b6 HTTP/1.1" 404 47 "-" "PostmanRuntime/7.29.2"

info: ::1 - - [05/Aug/2022:16:57:06 +0000] "GET /api/v1/notes/62ecc45502078bbc0d4d05b6 HTTP/1.1" 404 47 "-" "PostmanRuntime/7.29.2"

info: ::1 - - [05/Aug/2022:17:00:33 +0000] "GET /api/v1/notes/62ecc45502078bbc0d4d05b6 HTTP/1.1" 404 47 "-" "PostmanRuntime/7.29.2"

info: ::1 - - [05/Aug/2022:17:02:58 +0000] "GET /api/v1/notes/62ecc45502078bbc0d4d05b6 HTTP/1.1" 404 47 "-" "PostmanRuntime/7.29.2"

info: ::1 - - [05/Aug/2022:17:03:11 +0000] "GET /api/v1/notes/62ecc45502078bbc0d4d05b6 HTTP/1.1" 404 47 "-" "PostmanRuntime/7.29.2"

info: ::1 - - [05/Aug/2022:17:03:16 +0000] "GET /api/v1/notes/62ecc45502078bbc0d4d05b6 HTTP/1.1" 404 47 "-" "PostmanRuntime/7.29.2"

info: ::1 - - [05/Aug/2022:17:03:40 +0000] "GET /api/v1/notes/62ecc45502078bbc0d4d05b6 HTTP/1.1" 404 47 "-" "PostmanRuntime/7.29.2"

