info: Server started at http://localhost:3000/api/v1/ {"timestamp":"2022-08-19T01:23:07.164Z"}
info: Connected to the database. {"timestamp":"2022-08-19T01:23:07.192Z"}
info: Server started at http://localhost:3000/api/v1/ {"timestamp":"2022-08-19T01:47:04.322Z"}
info: Connected to the database. {"timestamp":"2022-08-19T01:47:04.342Z"}
info: Server started at http://localhost:3000/api/v1/ {"timestamp":"2022-08-19T01:49:04.681Z"}
info: Connected to the database. {"timestamp":"2022-08-19T01:49:04.701Z"}
info: Server started at http://localhost:3000/api/v1/ {"timestamp":"2022-08-19T01:55:03.790Z"}
info: Connected to the database. {"timestamp":"2022-08-19T01:55:03.813Z"}
info: Server started at http://localhost:3000/api/v1/ {"timestamp":"2022-08-19T02:00:41.816Z"}
info: Connected to the database. {"timestamp":"2022-08-19T02:00:41.841Z"}
info: Server started at http://localhost:3000/api/v1/ {"timestamp":"2022-08-19T02:01:56.606Z"}
info: Connected to the database. {"timestamp":"2022-08-19T02:01:56.631Z"}
info: Server started at http://localhost:3000/api/v1/ {"timestamp":"2022-08-19T02:02:09.996Z"}
info: Connected to the database. {"timestamp":"2022-08-19T02:02:10.019Z"}
info: Server started at http://localhost:3000/api/v1/ {"timestamp":"2022-08-19T02:05:16.819Z"}
info: Connected to the database. {"timestamp":"2022-08-19T02:05:16.839Z"}
info: Server started at http://localhost:3000/api/v1/ {"timestamp":"2022-08-19T02:09:37.492Z"}
info: Connected to the database. {"timestamp":"2022-08-19T02:09:37.515Z"}
info: Server started at http://localhost:3000/api/v1/ {"timestamp":"2022-08-19T02:13:43.373Z"}
info: Connected to the database. {"timestamp":"2022-08-19T02:13:43.394Z"}
info: Server started at http://localhost:3000/api/v1/ {"timestamp":"2022-08-19T02:30:14.890Z"}
info: Connected to the database. {"timestamp":"2022-08-19T02:30:14.909Z"}
info: Server started at http://localhost:3000/api/v1/ {"timestamp":"2022-08-19T02:37:25.950Z"}
info: Connected to the database. {"timestamp":"2022-08-19T02:37:25.972Z"}
info: Server started at http://localhost:3000/api/v1/ {"timestamp":"2022-08-19T02:37:36.560Z"}
info: Connected to the database. {"timestamp":"2022-08-19T02:37:36.583Z"}
info: Server started at http://localhost:3000/api/v1/ {"timestamp":"2022-08-19T02:38:38.368Z"}
info: Connected to the database. {"timestamp":"2022-08-19T02:38:38.391Z"}
info: Server started at http://localhost:3000/api/v1/ {"timestamp":"2022-08-19T05:08:21.591Z"}
info: Connected to the database. {"timestamp":"2022-08-19T05:08:21.615Z"}
info: Server started at http://localhost:3000/api/v1/ {"timestamp":"2022-08-19T05:12:33.045Z"}
info: Connected to the database. {"timestamp":"2022-08-19T05:12:33.073Z"}
info: Server started at http://localhost:3000/api/v1/ {"timestamp":"2022-08-19T05:22:02.033Z"}
info: Connected to the database. {"timestamp":"2022-08-19T05:22:02.073Z"}
info: Server started at http://localhost:3000/api/v1/ {"timestamp":"2022-08-19T05:22:39.229Z"}
info: Connected to the database. {"timestamp":"2022-08-19T05:22:39.251Z"}
info: Server started at http://localhost:3000/api/v1/ {"timestamp":"2022-08-19T05:24:42.377Z"}
info: Connected to the database. {"timestamp":"2022-08-19T05:24:42.404Z"}
info: Server started at http://localhost:3000/api/v1/ {"timestamp":"2022-08-19T05:25:18.541Z"}
info: Connected to the database. {"timestamp":"2022-08-19T05:25:18.570Z"}
info: Server started at http://localhost:3000/api/v1/ {"timestamp":"2022-08-19T09:57:36.895Z"}
info: Connected to the database. {"timestamp":"2022-08-19T09:57:36.916Z"}
info: Server started at http://localhost:3000/api/v1/ {"timestamp":"2022-08-19T10:01:17.717Z"}
info: Connected to the database. {"timestamp":"2022-08-19T10:01:17.742Z"}
info: Server started at http://localhost:3000/api/v1/ {"timestamp":"2022-08-19T10:02:29.065Z"}
info: Connected to the database. {"timestamp":"2022-08-19T10:02:29.095Z"}
error: 
    status - 500 
    message - ValidationError: "FirstName" length must be at least 4 characters long 
    url - /api/v1/users/register 
    method - POST 
    IP - ::1
   {"timestamp":"2022-08-19T10:04:59.464Z"}
