info: Server started at http://localhost:3000/api/v1/ {"timestamp":"2022-08-03T06:59:28.593Z"}
info: Connected to the database. {"timestamp":"2022-08-03T06:59:28.615Z"}
error: 
    status - 500 
    message - ValidationError: "Password" length must be at least 8 characters long 
    url - /api/v1/users 
    method - POST 
    IP - ::1
   {"timestamp":"2022-08-03T07:03:41.965Z"}
error: 
    status - 500 
    message - ValidationError: "EmailId" must be a valid email 
    url - /api/v1/users 
    method - POST 
    IP - ::1
   {"timestamp":"2022-08-03T07:04:05.677Z"}
info: Server started at http://localhost:3000/api/v1/ {"timestamp":"2022-08-03T07:05:32.379Z"}
info: Connected to the database. {"timestamp":"2022-08-03T07:05:32.396Z"}
info: Server started at http://localhost:3000/api/v1/ {"timestamp":"2022-08-03T07:05:55.732Z"}
info: Connected to the database. {"timestamp":"2022-08-03T07:05:55.750Z"}
info: Server started at http://localhost:3000/api/v1/ {"timestamp":"2022-08-03T07:07:10.525Z"}
info: Connected to the database. {"timestamp":"2022-08-03T07:07:10.541Z"}
